Projects/Android/build/intermediates/manifest_merge_blame_file/debug/manifest-merger-blame-debug-report.txt
1<?xml version="1.0" encoding="utf-8"?>
2<manifest xmlns:android="http://schemas.android.com/apk/res/android"
3    package="com.oculus.xrsamples.xrbodyfaceeyesocial"
4    android:installLocation="auto"
5    android:versionCode="1"
6    android:versionName="1.0" >
7
8    <uses-sdk
9        android:minSdkVersion="26"
9-->Projects\Android\AndroidManifest.xml
10        android:targetSdkVersion="32" />
10-->Projects\Android\AndroidManifest.xml
11
12    <uses-permission android:name="android.permission.INTERNET" />
12-->Projects\Android\AndroidManifest.xml:10:3-65
12-->Projects\Android\AndroidManifest.xml:10:20-62
13    <uses-permission android:name="android.permission.ACCESS_NETWORK_STATE" />
13-->Projects\Android\AndroidManifest.xml:11:3-77
13-->Projects\Android\AndroidManifest.xml:11:20-74
14    <uses-permission android:name="android.permission.WRITE_EXTERNAL_STORAGE" />
14-->Projects\Android\AndroidManifest.xml:12:3-79
14-->Projects\Android\AndroidManifest.xml:12:20-76
15    <uses-permission android:name="android.permission.READ_EXTERNAL_STORAGE" />
15-->Projects\Android\AndroidManifest.xml:13:3-78
15-->Projects\Android\AndroidManifest.xml:13:20-75
16
17    <uses-feature android:name="com.oculus.software.body_tracking" />
17-->Projects\Android\AndroidManifest.xml:14:3-68
17-->Projects\Android\AndroidManifest.xml:14:17-65
18
19    <uses-permission android:name="com.oculus.permission.BODY_TRACKING" />
19-->Projects\Android\AndroidManifest.xml:15:3-73
19-->Projects\Android\AndroidManifest.xml:15:20-70
20
21    <uses-feature
21-->Projects\Android\AndroidManifest.xml:16:3-87
22        android:name="oculus.software.eye_tracking"
22-->Projects\Android\AndroidManifest.xml:16:17-60
23        android:required="true" />
23-->Projects\Android\AndroidManifest.xml:16:61-84
24
25    <uses-permission android:name="com.oculus.permission.EYE_TRACKING" />
25-->Projects\Android\AndroidManifest.xml:17:3-72
25-->Projects\Android\AndroidManifest.xml:17:20-69
26
27    <uses-feature
27-->Projects\Android\AndroidManifest.xml:18:3-88
28        android:name="oculus.software.face_tracking"
28-->Projects\Android\AndroidManifest.xml:18:17-61
29        android:required="true" />
29-->Projects\Android\AndroidManifest.xml:18:62-85
30
31    <uses-permission android:name="com.oculus.permission.FACE_TRACKING" />
31-->Projects\Android\AndroidManifest.xml:19:3-73
31-->Projects\Android\AndroidManifest.xml:19:20-70
32    <!-- Tell the system this app can handle audio-driven face tracking -->
33    <uses-permission android:name="android.permission.RECORD_AUDIO" />
33-->Projects\Android\AndroidManifest.xml:21:3-69
33-->Projects\Android\AndroidManifest.xml:21:20-66
34    <!-- Tell the system this app requires OpenGL ES 3.1. -->
35    <uses-feature
35-->Projects\Android\AndroidManifest.xml:23:3-76
36        android:glEsVersion="0x00030001"
36-->Projects\Android\AndroidManifest.xml:23:17-49
37        android:required="true" />
37-->Projects\Android\AndroidManifest.xml:23:50-73
38    <!-- Tell the system this app can handle tracked remotes and hands -->
39    <uses-feature
39-->Projects\Android\AndroidManifest.xml:25:3-88
40        android:name="oculus.software.handtracking"
40-->Projects\Android\AndroidManifest.xml:25:17-60
41        android:required="false" />
41-->Projects\Android\AndroidManifest.xml:25:61-85
42
43    <uses-permission android:name="com.oculus.permission.HAND_TRACKING" />
43-->Projects\Android\AndroidManifest.xml:26:3-73
43-->Projects\Android\AndroidManifest.xml:26:20-70
44
45    <uses-feature
45-->Projects\Android\AndroidManifest.xml:28:3-88
46        android:name="com.oculus.feature.PASSTHROUGH"
46-->Projects\Android\AndroidManifest.xml:28:17-62
47        android:required="true" />
47-->Projects\Android\AndroidManifest.xml:28:63-86
48
49    <uses-permission android:name="com.oculus.permission.USE_SCENE" />
49-->Projects\Android\AndroidManifest.xml:29:3-69
49-->Projects\Android\AndroidManifest.xml:29:20-66
50    <uses-permission android:name="com.oculus.permission.BOUNDARY_VISIBILITY" />
50-->Projects\Android\AndroidManifest.xml:30:3-79
50-->Projects\Android\AndroidManifest.xml:30:20-76
51    <uses-permission android:name="com.oculus.permission.USE_ANCHOR_API" />
51-->Projects\Android\AndroidManifest.xml:31:3-74
51-->Projects\Android\AndroidManifest.xml:31:20-71
52    <uses-permission android:name="com.oculus.permission.HMD_CONNECTION" />
52-->Projects\Android\AndroidManifest.xml:32:3-74
52-->Projects\Android\AndroidManifest.xml:32:20-71
53    <uses-permission android:name="com.oculus.permission.VR_CONNECTION" />
53-->Projects\Android\AndroidManifest.xml:33:3-73
53-->Projects\Android\AndroidManifest.xml:33:20-70
54    <uses-permission android:name="com.oculus.permission.VR_FEATURES" />
54-->Projects\Android\AndroidManifest.xml:34:3-71
54-->Projects\Android\AndroidManifest.xml:34:20-68
55    <uses-permission android:name="org.khronos.openxr.permission.OPENXR" />
55-->[org.khronos.openxr:openxr_loader_for_android:1.1.41] AndroidManifest.xml:13:3-74
55-->[org.khronos.openxr:openxr_loader_for_android:1.1.41] AndroidManifest.xml:13:20-71
56    <uses-permission android:name="org.khronos.openxr.permission.OPENXR_SYSTEM" />
56-->[org.khronos.openxr:openxr_loader_for_android:1.1.41] AndroidManifest.xml:14:3-81
56-->[org.khronos.openxr:openxr_loader_for_android:1.1.41] AndroidManifest.xml:14:20-78
57
58    <queries>
58-->[org.khronos.openxr:openxr_loader_for_android:1.1.41] AndroidManifest.xml:16:3-27:13
59
60        <!-- to talk to the broker -->
61        <provider android:authorities="org.khronos.openxr.runtime_broker;org.khronos.openxr.system_runtime_broker" />
61-->[org.khronos.openxr:openxr_loader_for_android:1.1.41] AndroidManifest.xml:18:5-114
61-->[org.khronos.openxr:openxr_loader_for_android:1.1.41] AndroidManifest.xml:18:15-111
62
63        <!-- so client-side code of runtime/layers can talk to their service sides -->
64        <intent>
64-->[org.khronos.openxr:openxr_loader_for_android:1.1.41] AndroidManifest.xml:21:5-23:14
65            <action android:name="org.khronos.openxr.OpenXRRuntimeService" />
65-->[org.khronos.openxr:openxr_loader_for_android:1.1.41] AndroidManifest.xml:22:7-72
65-->[org.khronos.openxr:openxr_loader_for_android:1.1.41] AndroidManifest.xml:22:15-69
66        </intent>
67        <intent>
67-->[org.khronos.openxr:openxr_loader_for_android:1.1.41] AndroidManifest.xml:24:5-26:14
68            <action android:name="org.khronos.openxr.OpenXRApiLayerService" />
68-->[org.khronos.openxr:openxr_loader_for_android:1.1.41] AndroidManifest.xml:25:7-73
68-->[org.khronos.openxr:openxr_loader_for_android:1.1.41] AndroidManifest.xml:25:15-70
69        </intent>
70    </queries>
71
72    <application
72-->Projects\Android\AndroidManifest.xml:37:3-71:17
73        android:allowBackup="false"
73-->Projects\Android\AndroidManifest.xml:38:7-34
74        android:debuggable="true"
75        android:extractNativeLibs="false"
76        android:label="@string/app_name"
76-->Projects\Android\AndroidManifest.xml:39:7-39
77        android:testOnly="true" >
78        <meta-data
78-->Projects\Android\AndroidManifest.xml:41:5-44:11
79            android:name="com.oculus.supportedDevices"
79-->Projects\Android\AndroidManifest.xml:42:9-51
80            android:value="all" />
80-->Projects\Android\AndroidManifest.xml:43:9-28
81        <!--
82         launchMode is set to singleTask because there should never be multiple copies of the
83		app running
84        -->
85        <!--
86         Theme.Black.NoTitleBar.Fullscreen gives solid black instead of a (bad stereoscopic)
87		gradient on app transition
88        -->
89        <activity
89-->Projects\Android\AndroidManifest.xml:49:5-70:16
90            android:name="com.oculus.xrsamples.xrbodyfaceeyesocial.MainActivity"
90-->Projects\Android\AndroidManifest.xml:50:9-77
91            android:configChanges="screenSize|screenLayout|orientation|keyboardHidden|keyboard|navigation|uiMode"
91-->Projects\Android\AndroidManifest.xml:56:9-110
92            android:excludeFromRecents="false"
92-->Projects\Android\AndroidManifest.xml:55:9-43
93            android:exported="true"
93-->Projects\Android\AndroidManifest.xml:57:9-32
94            android:label="@string/app_name"
94-->Projects\Android\AndroidManifest.xml:52:9-41
95            android:launchMode="singleTask"
95-->Projects\Android\AndroidManifest.xml:53:9-40
96            android:screenOrientation="landscape"
96-->Projects\Android\AndroidManifest.xml:54:9-46
97            android:theme="@android:style/Theme.Black.NoTitleBar.Fullscreen" >
97-->Projects\Android\AndroidManifest.xml:51:9-73
98
99            <!-- Tell NativeActivity the name of the .so -->
100            <meta-data
100-->Projects\Android\AndroidManifest.xml:60:7-63:13
101                android:name="android.app.lib_name"
101-->Projects\Android\AndroidManifest.xml:61:11-46
102                android:value="xrbodyfaceeyesocial" />
102-->Projects\Android\AndroidManifest.xml:62:11-46
103            <!-- This filter lets the apk show up as a launchable icon -->
104            <intent-filter>
104-->Projects\Android\AndroidManifest.xml:65:7-69:23
105                <action android:name="android.intent.action.MAIN" />
105-->Projects\Android\AndroidManifest.xml:66:9-61
105-->Projects\Android\AndroidManifest.xml:66:17-58
106
107                <category android:name="org.khronos.openxr.intent.category.IMMERSIVE_HMD" />
107-->Projects\Android\AndroidManifest.xml:67:9-85
107-->Projects\Android\AndroidManifest.xml:67:19-82
108                <category android:name="android.intent.category.LAUNCHER" />
108-->Projects\Android\AndroidManifest.xml:68:9-69
108-->Projects\Android\AndroidManifest.xml:68:19-66
109            </intent-filter>
110        </activity>
111    </application>
112
113</manifest>